     1                                  bits 32 
     2                                  
     3                                  ;Problem 21
     4                                  ;Two byte strings A and B are given. Obtain the string R by concatenating the elements of B in reverse order and the negative elements of A.
     5                                  ;Example:
     6                                  ;A: 2, 1, -3, 3, -4, 2, 6
     7                                  ;B: 4, 5, 7, 6, 2, 1
     8                                  ;R: 1, 2, 6, 7, 5, 4, -3, -4
     9                                  
    10                                  
    11                                  global start        
    12                                  
    13                                  extern exit               
    14                                  import exit msvcrt.dll    
    15                                  
    16                                  segment data use32 class=data
    17 00000000 0201FD03FC0206              a db 2, 1, -3, 3, -4, 2, 6
    18                                      la equ $-a
    19 00000007 040507060201                b db 4, 5, 7, 6, 2, 1
    20                                      lb equ $-b
    21 0000000D 00<rept>                    d times (la+lb) db 0   ; the destination string
    22                                  
    23                                  segment code use32 class=code
    24                                      start:
    25                                      
    26 00000000 B906000000                      mov ecx, lb       ; the length of B
    27 00000005 BE05000000                      mov esi, lb-1     ; the index of the last element of B   
    28 0000000A BF00000000                      mov edi, 0
    29                                          
    30 0000000F E310                            jecxz handleA     ; if the string B is empty, move forward to string A
    31                                          reverseB:
    32 00000011 8A86[07000000]                      mov al, [b+esi]   ;take the last element from B
    33                                              
    34 00000017 8887[0D000000]                      mov [d+edi], al   ;and copy it in the destination string
    35 0000001D 4E                                  dec esi           ;move one step back in the string B
    36 0000001E 47                                  inc edi           ;move one step forward in the destination string
    37                                          
    38 0000001F E2F0                            loop reverseB
    39                                          
    40                                          handleA: 
    41 00000021 B907000000                          mov ecx, la           ; the length of string A
    42 00000026 BE00000000                          mov esi, 0            ; we take the elements of A from beginning to end    
    43                                              
    44 0000002B E314                                jecxz endofprogram
    45                                              negativesofA:
    46 0000002D 8A86[00000000]                          mov AL, [a+esi]   ;copy each element in the string A
    47 00000033 3C00                                    cmp AL, 0         ;compare it to 0
    48 00000035 7D07                                    jge nextelement   ; if it is positive, move forward to the next element
    49                                                  
    50 00000037 8887[0D000000]                          mov [d+edi], AL   ;if it negative, add it to the destination string
    51 0000003D 47                                      inc edi
    52                                                 
    53                                                  nextelement:
    54 0000003E 46                                      inc esi           ;move forward to the next element
    55                                              
    56                                              
    57 0000003F E2EC                                loop negativesofA
    58                                          
    59                                          endofprogram:
    60                                         
    61 00000041 6A00                            push    dword 0     
    62 00000043 FF15[00000000]                  call    [exit]
