     1                                  bits 32 
     2                                  ; A file name and a text (defined in the data segment) are given. The text contains lowercase letters, digits and spaces. Replace all the digits on ;odd positions with the character ‘X’. Create the file with the
     3                                  
     4                                  global start        
     5                                  
     6                                  
     7                                  extern exit, fopen, fprintf, fread, fclose               
     8                                  import exit msvcrt.dll   
     9                                  import fopen msvcrt.dll
    10                                  import fprintf msvcrt.dll
    11                                  import fread msvcrt.dll
    12                                  import fclose msvcrt.dll
    13                                  
    14                                  segment data use32 class=data
    15 00000000 6D795F66696C652E74-         file_name db 'my_file.txt', 0
    15 00000009 787400             
    16 0000000C 7700                        access_mode db 'w', 0
    17 0000000E 416E61322061726520-         text_of_file db 'Ana2 are 23 de mere', 0
    17 00000017 3233206465206D6572-
    17 00000020 6500               
    18                                      length_of_text equ $-text_of_file
    19 00000022 FFFFFFFF                    file_descriptor dd -1
    20 00000026 00                          position db 0
    21                                      
    22                                  segment code use32 class=code
    23                                      start:
    24                                        
    25                                          ; change the text
    26 00000000 B914000000                      mov ecx, length_of_text
    27 00000005 BE[0E000000]                    mov esi, text_of_file
    28                                          
    29 0000000A E35F                            jecxz end_of_program
    30                                          
    31                                          change_digits:
    32                                          
    33 0000000C 803E30                          cmp byte[esi], '0'
    34 0000000F 7211                            jb next_charcter
    35                                          
    36 00000011 803E39                          cmp byte[esi],  '9'
    37 00000014 770C                            ja next_charcter
    38                                          
    39 00000016 F605[26000000]01                test byte[position], 01h
    40 0000001D 7A03                            jp next_charcter
    41                                          
    42 0000001F C60658                          mov byte[esi], 'X'
    43                                          
    44                                          next_charcter:
    45 00000022 FE05[26000000]                  inc byte[position]
    46 00000028 46                              inc esi
    47 00000029 E2E1                            loop change_digits
    48                                          
    49                                          
    50                                          ; create the file
    51 0000002B 68[0C000000]                    push dword access_mode
    52 00000030 68[00000000]                    push dword file_name
    53 00000035 FF15[00000000]                  call [fopen]
    54                                          
    55 0000003B 83C408                          add esp, 4*2
    56 0000003E A3[22000000]                    mov [file_descriptor], eax
    57                                          
    58 00000043 83F800                          cmp eax, 0
    59 00000046 7423                            je end_of_program
    60                                          
    61                                          ; print the text to the file
    62 00000048 68[0E000000]                    push dword text_of_file
    63 0000004D FF35[22000000]                  push dword [file_descriptor]
    64 00000053 FF15[00000000]                  call [fprintf]
    65                                          
    66 00000059 83C408                          add esp, 4*2
    67                                          
    68                                          ;close the file
    69 0000005C FF35[22000000]                  push dword [file_descriptor]
    70 00000062 FF15[00000000]                  call [fclose]
    71                                          
    72 00000068 83C404                          add esp, 4
    73                                          
    74                                          end_of_program:
    75 0000006B 6A00                            push    dword 0      
    76 0000006D FF15[00000000]                  call    [exit]       
