     1                                  bits 32 
     2                                  
     3                                  global start        
     4                                  ;Read two words a and b in base 10 from the keyboard. Determine the doubleword c such that the low word of c is given by the sum of the a and b and the ;high word of c is given by the difference between a and b. Dis
     5                                  ;a = 574, b = 136
     6                                  ;c = 01B602C6h
     7                                  
     8                                  extern exit, scanf, printf               
     9                                  import exit msvcrt.dll    
    10                                  import printf msvcrt.dll     
    11                                  import scanf msvcrt.dll     
    12                                                           
    13                                  segment data use32 class=data
    14 00000000 00000000                    a dd 0
    15 00000004 00000000                    b dd 0
    16 00000008 00000000                    c dd 0
    17 0000000C 456E746572206E756D-         reading_message db "Enter number: ", 0 
    17 00000015 6265723A2000       
    18 0000001B 256400                      format db "%d", 0
    19 0000001E 546865206E756D6265-         printing_message db "The number c is %x in hexa", 0
    19 00000027 722063206973202578-
    19 00000030 20696E206865786100 
    20                                  
    21                                  segment code use32 class=code
    22                                      start:
    23                                          
    24                                          ; read a
    25                                          
    26 00000000 68[0C000000]                    push dword reading_message
    27 00000005 FF15[00000000]                  call [printf]
    28 0000000B 83C404                          add esp, 4
    29                                          
    30 0000000E 68[00000000]                    push dword a
    31 00000013 68[1B000000]                    push dword format
    32 00000018 FF15[00000000]                  call [scanf]
    33 0000001E 83C408                          add esp, 4*2
    34                                          
    35                                          ;read b
    36                                          
    37 00000021 68[0C000000]                    push dword reading_message
    38 00000026 FF15[00000000]                  call [printf]
    39 0000002C 83C404                          add esp, 4
    40                                          
    41 0000002F 68[04000000]                    push dword b
    42 00000034 68[1B000000]                    push dword format
    43 00000039 FF15[00000000]                  call [scanf]
    44 0000003F 83C408                          add esp, 4*2
    45                                          
    46                                          ; the low word of c has the sum a+b
    47 00000042 A1[00000000]                    mov eax, [a]
    48 00000047 0305[04000000]                  add eax, [b]
    49                                          
    50 0000004D 66A3[08000000]                  mov word[c], AX
    51                                          
    52                                          ; the high word of c ha sthe sum a-b
    53 00000053 A1[00000000]                    mov eax, [a]
    54 00000058 2B05[04000000]                  sub eax, [b]
    55                                          
    56 0000005E 66A3[0A000000]                  mov word[c+2], AX
    57                                          
    58                                          ;print c in hexa
    59 00000064 FF35[08000000]                  push dword [c]
    60 0000006A 68[1E000000]                    push dword printing_message
    61 0000006F FF15[00000000]                  call [printf]
    62 00000075 83C408                          add esp, 4*2
    63                                            
    64 00000078 6A00                            push    dword 0      
    65 0000007A FF15[00000000]                  call    [exit]      
